<?xml version="1.0" encoding="UTF-8"?>
<!-- Generated by org.testng.reporters.JUnitReportReporter -->
<testsuite hostname="Tarang" failures="0" tests="1" name="test.LoginTest" time="4.585" errors="0" timestamp="2023-05-14T12:49:05 CDT" skipped="0">
  <testcase classname="test.LoginTest" name="validUserShouldBeAbleToLogin" time="4.585"/>
  <system-out/>
</testsuite> <!-- test.LoginTest -->
